2024-12-03 14:53:58 - 0:  Call to undefined function Opencart\System\Library\imagecreatefromwebp()
File: /Applications/XAMPP/xamppfiles/htdocs/demo/system/library/image.php
Line: 69

2024-12-03 14:54:18 - 0:  Call to undefined function Opencart\System\Library\imagecreatefromwebp()
File: /Applications/XAMPP/xamppfiles/htdocs/demo/system/library/image.php
Line: 69

2024-12-03 14:59:40 - 0:  Call to undefined function Opencart\System\Library\imagecreatefromwebp()
File: /Applications/XAMPP/xamppfiles/htdocs/demo/system/library/image.php
Line: 69

2024-12-03 14:59:51 - 0:  Call to undefined function Opencart\System\Library\imagecreatefromwebp()
File: /Applications/XAMPP/xamppfiles/htdocs/demo/system/library/image.php
Line: 69

2024-12-03 15:00:04 - 0:  Call to undefined function Opencart\System\Library\imagecreatefromwebp()
File: /Applications/XAMPP/xamppfiles/htdocs/demo/system/library/image.php
Line: 69

2024-12-03 15:00:40 - 0:  Call to undefined function Opencart\System\Library\imagecreatefromwebp()
File: /Applications/XAMPP/xamppfiles/htdocs/demo/system/library/image.php
Line: 69

2024-12-03 15:03:00 - 0:  Call to undefined function Opencart\System\Library\imagecreatefromwebp()
File: /Applications/XAMPP/xamppfiles/htdocs/demo/system/library/image.php
Line: 69

2024-12-03 15:03:13 - 0:  Call to undefined function Opencart\System\Library\imagecreatefromwebp()
File: /Applications/XAMPP/xamppfiles/htdocs/demo/system/library/image.php
Line: 69

2024-12-03 15:04:38 - 0:  Call to undefined function Opencart\System\Library\imagecreatefromwebp()
File: /Applications/XAMPP/xamppfiles/htdocs/demo/system/library/image.php
Line: 69

2024-12-03 15:13:36 - 0:  Call to undefined function Opencart\System\Library\imagecreatefromwebp()
File: /Applications/XAMPP/xamppfiles/htdocs/demo/system/library/image.php
Line: 69

2024-12-03 15:14:03 - 0:  Call to undefined function Opencart\System\Library\imagecreatefromwebp()
File: /Applications/XAMPP/xamppfiles/htdocs/demo/system/library/image.php
Line: 69

2024-12-03 15:15:22 - 0:  Call to undefined function Opencart\System\Library\imagecreatefromwebp()
File: /Applications/XAMPP/xamppfiles/htdocs/demo/system/library/image.php
Line: 69

2024-12-03 15:15:41 - 0:  Call to undefined function Opencart\System\Library\imagecreatefromwebp()
File: /Applications/XAMPP/xamppfiles/htdocs/demo/system/library/image.php
Line: 69

2024-12-03 15:19:42 - 0:  Call to undefined function Opencart\System\Library\imagecreatefromwebp()
File: /Applications/XAMPP/xamppfiles/htdocs/demo/system/library/image.php
Line: 69

2024-12-03 15:19:46 - 0:  Call to undefined function Opencart\System\Library\imagecreatefromwebp()
File: /Applications/XAMPP/xamppfiles/htdocs/demo/system/library/image.php
Line: 69

2024-12-03 15:34:31 - 0:  Call to undefined function Opencart\System\Library\imagecreatefromwebp()
File: /Applications/XAMPP/xamppfiles/htdocs/demo/system/library/image.php
Line: 69

2024-12-03 15:34:43 - 0:  Call to undefined function Opencart\System\Library\imagecreatefromwebp()
File: /Applications/XAMPP/xamppfiles/htdocs/demo/system/library/image.php
Line: 69

2024-12-03 15:38:33 - 0:  Call to undefined function Opencart\System\Library\imagecreatefromwebp()
File: /Applications/XAMPP/xamppfiles/htdocs/demo/system/library/image.php
Line: 69

2024-12-03 15:38:59 - 0:  Call to undefined function Opencart\System\Library\imagecreatefromwebp()
File: /Applications/XAMPP/xamppfiles/htdocs/demo/system/library/image.php
Line: 69

2024-12-03 15:40:37 - 0:  Call to undefined function Opencart\System\Library\imagecreatefromwebp()
File: /Applications/XAMPP/xamppfiles/htdocs/demo/system/library/image.php
Line: 69

2024-12-03 15:44:58 - 0:  Call to undefined function Opencart\System\Library\imagecreatefromwebp()
File: /Applications/XAMPP/xamppfiles/htdocs/demo/system/library/image.php
Line: 69

2024-12-03 16:15:34 - 0:  Call to undefined function Opencart\System\Library\imagecreatefromwebp()
File: /Applications/XAMPP/xamppfiles/htdocs/demo/system/library/image.php
Line: 69

2024-12-03 16:17:18 - 0:  Call to undefined function Opencart\System\Library\imagecreatefromwebp()
File: /Applications/XAMPP/xamppfiles/htdocs/demo/system/library/image.php
Line: 69

2024-12-03 16:24:35 - 0:  Call to undefined function Opencart\System\Library\imagecreatefromwebp()
File: /Applications/XAMPP/xamppfiles/htdocs/demo/system/library/image.php
Line: 69

2024-12-05 21:01:29 - Error: Could not make a database link using root@localhost!<br/>Message: No connection could be made because the target machine actively refused it: in C:\xampp\htdocs\demo\system\library\db\mysqli.php on line 40
2024-12-05 21:27:27 - Error: Could not make a database link using root@localhost!<br/>Message: No connection could be made because the target machine actively refused it: in C:\xampp\htdocs\demo\system\library\db\mysqli.php on line 40
2024-12-06 00:11:09 - Error: Table 'demo.oc_setting' doesn't exist in engine<br/>Error No: 1932<br/>SELECT * FROM `oc_setting` WHERE `store_id` = '0' OR `store_id` = '0' ORDER BY `store_id` ASC: in C:\xampp\htdocs\demo\system\library\db\mysqli.php on line 76
2024-12-06 00:12:47 - Error: Could not make a database link using root@localhost!<br/>Message: Unknown database 'demo': in C:\xampp\htdocs\demo\system\library\db\mysqli.php on line 40
2024-12-08 19:16:44 - Error: Could not make a database link using root@localhost!<br/>Message: No connection could be made because the target machine actively refused it: in C:\xampp\htdocs\demo\system\library\db\mysqli.php on line 40
2024-12-09 14:34:09 - PHP Warning: mkdir(): File exists
File: C:\xampp\htdocs\demo\system\storage\vendor\twig\twig\src\Cache\FilesystemCache.php
Line: 50

2024-12-10 19:32:58 - Error: Could not make a database link using root@localhost!<br/>Message: Unknown database 'demo': in C:\xampp\htdocs\techoutlet1.com\system\library\db\mysqli.php on line 40
